  [1m[35m (0.1ms)[0m  [1m[34mSELECT sqlite_version(*)[0m
  â†³ bin/rails:9
  [1m[35m (4.3ms)[0m  [1m[35mCREATE TABLE "schema_migrations" ("version" varchar NOT NULL PRIMARY KEY)[0m
  â†³ bin/rails:9
  [1m[35m (4.4ms)[0m  [1m[35mCREATE TABLE "ar_internal_metadata" ("key" varchar NOT NULL PRIMARY KEY, "value" varchar, "created_at" datetime NOT NULL, "updated_at" datetime NOT NULL)[0m
  â†³ bin/rails:9
  [1m[35m (0.1ms)[0m  [1m[34mSELECT "schema_migrations"."version" FROM "schema_migrations" ORDER BY "schema_migrations"."version" ASC[0m
  â†³ bin/rails:9
Migrating to DeviseCreateGuests (20211101070545)
  [1m[35m (0.0ms)[0m  [1m[36mbegin transaction[0m
  â†³ bin/rails:9
  [1m[35m (0.3ms)[0m  [1m[35mCREATE TABLE "guests" ("id" integer PRIMARY KEY AUTOINCREMENT NOT NULL, "email" varchar DEFAULT '' NOT NULL, "encrypted_password" varchar DEFAULT '' NOT NULL, "reset_password_token" varchar, "reset_password_sent_at" datetime, "remember_created_at" datetime, "last_name" varchar NOT NULL, "first_name" varchar NOT NULL, "last_name_kana" varchar NOT NULL, "first_name_kana" varchar NOT NULL, "postal_code" varchar NOT NULL, "address" varchar NOT NULL, "telephone_number" varchar NOT NULL, "is_active" boolean DEFAULT 1 NOT NULL, "created_at" datetime NOT NULL, "updated_at" datetime NOT NULL)[0m
  â†³ db/migrate/20211101070545_devise_create_guests.rb:5
  [1m[35m (0.2ms)[0m  [1m[35mCREATE UNIQUE INDEX "index_guests_on_email" ON "guests" ("email")[0m
  â†³ db/migrate/20211101070545_devise_create_guests.rb:46
  [1m[35m (0.1ms)[0m  [1m[35mCREATE UNIQUE INDEX "index_guests_on_reset_password_token" ON "guests" ("reset_password_token")[0m
  â†³ db/migrate/20211101070545_devise_create_guests.rb:47
  [1m[36mActiveRecord::SchemaMigration Create (0.1ms)[0m  [1m[32mINSERT INTO "schema_migrations" ("version") VALUES (?)[0m  [["version", "20211101070545"]]
  â†³ bin/rails:9
  [1m[35m (11.2ms)[0m  [1m[36mcommit transaction[0m
  â†³ bin/rails:9
Migrating to DeviseCreateHosts (20211101070551)
  [1m[35m (0.0ms)[0m  [1m[36mbegin transaction[0m
  â†³ bin/rails:9
  [1m[35m (0.3ms)[0m  [1m[35mCREATE TABLE "hosts" ("id" integer PRIMARY KEY AUTOINCREMENT NOT NULL, "email" varchar DEFAULT '' NOT NULL, "encrypted_password" varchar DEFAULT '' NOT NULL, "reset_password_token" varchar, "reset_password_sent_at" datetime, "remember_created_at" datetime, "name" varchar NOT NULL, "phone_number" varchar NOT NULL, "is_active" boolean DEFAULT 1 NOT NULL, "created_at" datetime NOT NULL, "updated_at" datetime NOT NULL)[0m
  â†³ db/migrate/20211101070551_devise_create_hosts.rb:5
  [1m[35m (0.2ms)[0m  [1m[35mCREATE UNIQUE INDEX "index_hosts_on_email" ON "hosts" ("email")[0m
  â†³ db/migrate/20211101070551_devise_create_hosts.rb:41
  [1m[35m (0.2ms)[0m  [1m[35mCREATE UNIQUE INDEX "index_hosts_on_reset_password_token" ON "hosts" ("reset_password_token")[0m
  â†³ db/migrate/20211101070551_devise_create_hosts.rb:42
  [1m[36mActiveRecord::SchemaMigration Create (0.1ms)[0m  [1m[32mINSERT INTO "schema_migrations" ("version") VALUES (?)[0m  [["version", "20211101070551"]]
  â†³ bin/rails:9
  [1m[35m (3.7ms)[0m  [1m[36mcommit transaction[0m
  â†³ bin/rails:9
Migrating to CreateReservations (20211101070644)
  [1m[35m (0.0ms)[0m  [1m[36mbegin transaction[0m
  â†³ bin/rails:9
  [1m[35m (0.3ms)[0m  [1m[35mCREATE TABLE "reservations" ("id" integer PRIMARY KEY AUTOINCREMENT NOT NULL, "guest_id" integer, "people" varchar, "start_time" datetime, "end_time" datetime, "usage_time" integer, "hourly_rate" integer, "billing_amount" integer, "payment" integer, "is_active" boolean, "created_at" datetime NOT NULL, "updated_at" datetime NOT NULL)[0m
  â†³ db/migrate/20211101070644_create_reservations.rb:3
  [1m[36mActiveRecord::SchemaMigration Create (0.1ms)[0m  [1m[32mINSERT INTO "schema_migrations" ("version") VALUES (?)[0m  [["version", "20211101070644"]]
  â†³ bin/rails:9
  [1m[35m (3.5ms)[0m  [1m[36mcommit transaction[0m
  â†³ bin/rails:9
Migrating to CreateSpaces (20211101070700)
  [1m[35m (0.0ms)[0m  [1m[36mbegin transaction[0m
  â†³ bin/rails:9
  [1m[35m (0.2ms)[0m  [1m[35mCREATE TABLE "spaces" ("id" integer PRIMARY KEY AUTOINCREMENT NOT NULL, "host_id" integer, "name" varchar, "address" varchar, "detail" text, "image" varchar, "capacity" integer, "open_time" time, "close_time" time, "hourly_rate" integer, "is_active" boolean, "created_at" datetime NOT NULL, "updated_at" datetime NOT NULL)[0m
  â†³ db/migrate/20211101070700_create_spaces.rb:3
  [1m[36mActiveRecord::SchemaMigration Create (0.1ms)[0m  [1m[32mINSERT INTO "schema_migrations" ("version") VALUES (?)[0m  [["version", "20211101070700"]]
  â†³ bin/rails:9
  [1m[35m (3.5ms)[0m  [1m[36mcommit transaction[0m
  â†³ bin/rails:9
Migrating to RenameImageColumnToSpaces (20211101125627)
  [1m[35m (0.0ms)[0m  [1m[36mbegin transaction[0m
  â†³ bin/rails:9
  [1m[35m (0.2ms)[0m  [1m[35mCREATE TEMPORARY TABLE "aspaces" ("id" integer NOT NULL PRIMARY KEY, "host_id" integer DEFAULT NULL, "name" varchar DEFAULT NULL, "address" varchar DEFAULT NULL, "detail" text DEFAULT NULL, "image_id" varchar DEFAULT NULL, "capacity" integer DEFAULT NULL, "open_time" time DEFAULT NULL, "close_time" time DEFAULT NULL, "hourly_rate" integer DEFAULT NULL, "is_active" boolean DEFAULT NULL, "created_at" datetime NOT NULL, "updated_at" datetime NOT NULL)[0m
  â†³ db/migrate/20211101125627_rename_image_column_to_spaces.rb:3
  [1m[35m (0.1ms)[0m  [1m[32mINSERT INTO "aspaces" ("id","host_id","name","address","detail","image_id","capacity","open_time","close_time","hourly_rate","is_active","created_at","updated_at")
                     SELECT "id","host_id","name","address","detail","image","capacity","open_time","close_time","hourly_rate","is_active","created_at","updated_at" FROM "spaces"[0m
  â†³ db/migrate/20211101125627_rename_image_column_to_spaces.rb:3
  [1m[35m (0.2ms)[0m  [1m[35mDROP TABLE "spaces"[0m
  â†³ db/migrate/20211101125627_rename_image_column_to_spaces.rb:3
  [1m[35m (0.2ms)[0m  [1m[35mCREATE TABLE "spaces" ("id" integer NOT NULL PRIMARY KEY, "host_id" integer DEFAULT NULL, "name" varchar DEFAULT NULL, "address" varchar DEFAULT NULL, "detail" text DEFAULT NULL, "image_id" varchar DEFAULT NULL, "capacity" integer DEFAULT NULL, "open_time" time DEFAULT NULL, "close_time" time DEFAULT NULL, "hourly_rate" integer DEFAULT NULL, "is_active" boolean DEFAULT NULL, "created_at" datetime NOT NULL, "updated_at" datetime NOT NULL)[0m
  â†³ db/migrate/20211101125627_rename_image_column_to_spaces.rb:3
  [1m[35m (0.1ms)[0m  [1m[32mINSERT INTO "spaces" ("id","host_id","name","address","detail","image_id","capacity","open_time","close_time","hourly_rate","is_active","created_at","updated_at")
                     SELECT "id","host_id","name","address","detail","image_id","capacity","open_time","close_time","hourly_rate","is_active","created_at","updated_at" FROM "aspaces"[0m
  â†³ db/migrate/20211101125627_rename_image_column_to_spaces.rb:3
  [1m[35m (0.2ms)[0m  [1m[35mDROP TABLE "aspaces"[0m
  â†³ db/migrate/20211101125627_rename_image_column_to_spaces.rb:3
  [1m[36mActiveRecord::SchemaMigration Create (0.1ms)[0m  [1m[32mINSERT INTO "schema_migrations" ("version") VALUES (?)[0m  [["version", "20211101125627"]]
  â†³ bin/rails:9
  [1m[35m (4.8ms)[0m  [1m[36mcommit transaction[0m
  â†³ bin/rails:9
Migrating to ChangeStatusOfSpaces (20211101141114)
  [1m[35m (0.0ms)[0m  [1m[36mbegin transaction[0m
  â†³ bin/rails:9
  [1m[35m (0.2ms)[0m  [1m[35mCREATE TEMPORARY TABLE "aspaces" ("id" integer NOT NULL PRIMARY KEY, "host_id" integer DEFAULT NULL, "name" varchar DEFAULT NULL, "address" varchar DEFAULT NULL, "detail" text DEFAULT NULL, "image_id" varchar DEFAULT NULL, "capacity" integer DEFAULT NULL, "open_time" time DEFAULT NULL, "close_time" time DEFAULT NULL, "hourly_rate" integer DEFAULT NULL, "is_active" boolean DEFAULT NULL, "created_at" datetime NOT NULL, "updated_at" datetime NOT NULL)[0m
  â†³ db/migrate/20211101141114_change_status_of_spaces.rb:3
  [1m[35m (0.1ms)[0m  [1m[32mINSERT INTO "aspaces" ("id","host_id","name","address","detail","image_id","capacity","open_time","close_time","hourly_rate","is_active","created_at","updated_at")
                     SELECT "id","host_id","name","address","detail","image_id","capacity","open_time","close_time","hourly_rate","is_active","created_at","updated_at" FROM "spaces"[0m
  â†³ db/migrate/20211101141114_change_status_of_spaces.rb:3
  [1m[35m (0.2ms)[0m  [1m[35mDROP TABLE "spaces"[0m
  â†³ db/migrate/20211101141114_change_status_of_spaces.rb:3
  [1m[35m (0.2ms)[0m  [1m[35mCREATE TABLE "spaces" ("id" integer NOT NULL PRIMARY KEY, "host_id" integer DEFAULT NULL, "name" varchar DEFAULT NULL, "address" varchar DEFAULT NULL, "detail" text DEFAULT NULL, "image_id" varchar DEFAULT NULL, "capacity" integer DEFAULT NULL, "open_time" time DEFAULT NULL, "close_time" time DEFAULT NULL, "hourly_rate" integer DEFAULT NULL, "is_active" boolean DEFAULT 1, "created_at" datetime NOT NULL, "updated_at" datetime NOT NULL)[0m
  â†³ db/migrate/20211101141114_change_status_of_spaces.rb:3
  [1m[35m (0.1ms)[0m  [1m[32mINSERT INTO "spaces" ("id","host_id","name","address","detail","image_id","capacity","open_time","close_time","hourly_rate","is_active","created_at","updated_at")
                     SELECT "id","host_id","name","address","detail","image_id","capacity","open_time","close_time","hourly_rate","is_active","created_at","updated_at" FROM "aspaces"[0m
  â†³ db/migrate/20211101141114_change_status_of_spaces.rb:3
  [1m[35m (0.1ms)[0m  [1m[35mDROP TABLE "aspaces"[0m
  â†³ db/migrate/20211101141114_change_status_of_spaces.rb:3
  [1m[36mActiveRecord::SchemaMigration Create (0.1ms)[0m  [1m[32mINSERT INTO "schema_migrations" ("version") VALUES (?)[0m  [["version", "20211101141114"]]
  â†³ bin/rails:9
  [1m[35m (8.0ms)[0m  [1m[36mcommit transaction[0m
  â†³ bin/rails:9
Migrating to AddUseDateToReservation (20211112052207)
  [1m[35m (0.0ms)[0m  [1m[36mbegin transaction[0m
  â†³ bin/rails:9
  [1m[35m (0.3ms)[0m  [1m[35mALTER TABLE "reservations" ADD "use_date" date[0m
  â†³ db/migrate/20211112052207_add_use_date_to_reservation.rb:3
  [1m[36mActiveRecord::SchemaMigration Create (0.1ms)[0m  [1m[32mINSERT INTO "schema_migrations" ("version") VALUES (?)[0m  [["version", "20211112052207"]]
  â†³ bin/rails:9
  [1m[35m (3.6ms)[0m  [1m[36mcommit transaction[0m
  â†³ bin/rails:9
Migrating to ChangeDatatypeStartTimeOfReservations (20211112053149)
  [1m[35m (0.0ms)[0m  [1m[36mbegin transaction[0m
  â†³ bin/rails:9
  [1m[35m (0.2ms)[0m  [1m[35mCREATE TEMPORARY TABLE "areservations" ("id" integer NOT NULL PRIMARY KEY, "guest_id" integer DEFAULT NULL, "people" varchar DEFAULT NULL, "start_time" datetime DEFAULT NULL, "end_time" datetime DEFAULT NULL, "usage_time" integer DEFAULT NULL, "hourly_rate" integer DEFAULT NULL, "billing_amount" integer DEFAULT NULL, "payment" integer DEFAULT NULL, "is_active" boolean DEFAULT NULL, "created_at" datetime NOT NULL, "updated_at" datetime NOT NULL, "use_date" date DEFAULT NULL)[0m
  â†³ db/migrate/20211112053149_change_datatype_start_time_of_reservations.rb:3
  [1m[35m (0.1ms)[0m  [1m[32mINSERT INTO "areservations" ("id","guest_id","people","start_time","end_time","usage_time","hourly_rate","billing_amount","payment","is_active","created_at","updated_at","use_date")
                     SELECT "id","guest_id","people","start_time","end_time","usage_time","hourly_rate","billing_amount","payment","is_active","created_at","updated_at","use_date" FROM "reservations"[0m
  â†³ db/migrate/20211112053149_change_datatype_start_time_of_reservations.rb:3
  [1m[35m (0.2ms)[0m  [1m[35mDROP TABLE "reservations"[0m
  â†³ db/migrate/20211112053149_change_datatype_start_time_of_reservations.rb:3
  [1m[35m (0.2ms)[0m  [1m[35mCREATE TABLE "reservations" ("id" integer NOT NULL PRIMARY KEY, "guest_id" integer DEFAULT NULL, "people" varchar DEFAULT NULL, "start_time" time DEFAULT NULL, "end_time" datetime DEFAULT NULL, "usage_time" integer DEFAULT NULL, "hourly_rate" integer DEFAULT NULL, "billing_amount" integer DEFAULT NULL, "payment" integer DEFAULT NULL, "is_active" boolean DEFAULT NULL, "created_at" datetime NOT NULL, "updated_at" datetime NOT NULL, "use_date" date DEFAULT NULL)[0m
  â†³ db/migrate/20211112053149_change_datatype_start_time_of_reservations.rb:3
  [1m[35m (0.1ms)[0m  [1m[32mINSERT INTO "reservations" ("id","guest_id","people","start_time","end_time","usage_time","hourly_rate","billing_amount","payment","is_active","created_at","updated_at","use_date")
                     SELECT "id","guest_id","people","start_time","end_time","usage_time","hourly_rate","billing_amount","payment","is_active","created_at","updated_at","use_date" FROM "areservations"[0m
  â†³ db/migrate/20211112053149_change_datatype_start_time_of_reservations.rb:3
  [1m[35m (0.1ms)[0m  [1m[35mDROP TABLE "areservations"[0m
  â†³ db/migrate/20211112053149_change_datatype_start_time_of_reservations.rb:3
  [1m[36mActiveRecord::SchemaMigration Create (0.1ms)[0m  [1m[32mINSERT INTO "schema_migrations" ("version") VALUES (?)[0m  [["version", "20211112053149"]]
  â†³ bin/rails:9
  [1m[35m (3.8ms)[0m  [1m[36mcommit transaction[0m
  â†³ bin/rails:9
Migrating to ChangeDatatypeEndTimeOfReservations (20211112053159)
  [1m[35m (0.1ms)[0m  [1m[36mbegin transaction[0m
  â†³ bin/rails:9
  [1m[35m (0.2ms)[0m  [1m[35mCREATE TEMPORARY TABLE "areservations" ("id" integer NOT NULL PRIMARY KEY, "guest_id" integer DEFAULT NULL, "people" varchar DEFAULT NULL, "start_time" time DEFAULT NULL, "end_time" datetime DEFAULT NULL, "usage_time" integer DEFAULT NULL, "hourly_rate" integer DEFAULT NULL, "billing_amount" integer DEFAULT NULL, "payment" integer DEFAULT NULL, "is_active" boolean DEFAULT NULL, "created_at" datetime NOT NULL, "updated_at" datetime NOT NULL, "use_date" date DEFAULT NULL)[0m
  â†³ db/migrate/20211112053159_change_datatype_end_time_of_reservations.rb:3
  [1m[35m (0.1ms)[0m  [1m[32mINSERT INTO "areservations" ("id","guest_id","people","start_time","end_time","usage_time","hourly_rate","billing_amount","payment","is_active","created_at","updated_at","use_date")
                     SELECT "id","guest_id","people","start_time","end_time","usage_time","hourly_rate","billing_amount","payment","is_active","created_at","updated_at","use_date" FROM "reservations"[0m
  â†³ db/migrate/20211112053159_change_datatype_end_time_of_reservations.rb:3
  [1m[35m (0.2ms)[0m  [1m[35mDROP TABLE "reservations"[0m
  â†³ db/migrate/20211112053159_change_datatype_end_time_of_reservations.rb:3
  [1m[35m (0.2ms)[0m  [1m[35mCREATE TABLE "reservations" ("id" integer NOT NULL PRIMARY KEY, "guest_id" integer DEFAULT NULL, "people" varchar DEFAULT NULL, "start_time" time DEFAULT NULL, "end_time" time DEFAULT NULL, "usage_time" integer DEFAULT NULL, "hourly_rate" integer DEFAULT NULL, "billing_amount" integer DEFAULT NULL, "payment" integer DEFAULT NULL, "is_active" boolean DEFAULT NULL, "created_at" datetime NOT NULL, "updated_at" datetime NOT NULL, "use_date" date DEFAULT NULL)[0m
  â†³ db/migrate/20211112053159_change_datatype_end_time_of_reservations.rb:3
  [1m[35m (0.1ms)[0m  [1m[32mINSERT INTO "reservations" ("id","guest_id","people","start_time","end_time","usage_time","hourly_rate","billing_amount","payment","is_active","created_at","updated_at","use_date")
                     SELECT "id","guest_id","people","start_time","end_time","usage_time","hourly_rate","billing_amount","payment","is_active","created_at","updated_at","use_date" FROM "areservations"[0m
  â†³ db/migrate/20211112053159_change_datatype_end_time_of_reservations.rb:3
  [1m[35m (0.1ms)[0m  [1m[35mDROP TABLE "areservations"[0m
  â†³ db/migrate/20211112053159_change_datatype_end_time_of_reservations.rb:3
  [1m[36mActiveRecord::SchemaMigration Create (0.1ms)[0m  [1m[32mINSERT INTO "schema_migrations" ("version") VALUES (?)[0m  [["version", "20211112053159"]]
  â†³ bin/rails:9
  [1m[35m (4.3ms)[0m  [1m[36mcommit transaction[0m
  â†³ bin/rails:9
Migrating to RemoveUsageTimeFromReservations (20211112054727)
  [1m[35m (0.0ms)[0m  [1m[36mbegin transaction[0m
  â†³ bin/rails:9
  [1m[35m (0.2ms)[0m  [1m[35mCREATE TEMPORARY TABLE "areservations" ("id" integer NOT NULL PRIMARY KEY, "guest_id" integer DEFAULT NULL, "people" varchar DEFAULT NULL, "start_time" time DEFAULT NULL, "end_time" time DEFAULT NULL, "usage_time" integer DEFAULT NULL, "hourly_rate" integer DEFAULT NULL, "billing_amount" integer DEFAULT NULL, "payment" integer DEFAULT NULL, "is_active" boolean DEFAULT NULL, "created_at" datetime NOT NULL, "updated_at" datetime NOT NULL, "use_date" date DEFAULT NULL)[0m
  â†³ db/migrate/20211112054727_remove_usage_time_from_reservations.rb:3
  [1m[35m (0.1ms)[0m  [1m[32mINSERT INTO "areservations" ("id","guest_id","people","start_time","end_time","usage_time","hourly_rate","billing_amount","payment","is_active","created_at","updated_at","use_date")
                     SELECT "id","guest_id","people","start_time","end_time","usage_time","hourly_rate","billing_amount","payment","is_active","created_at","updated_at","use_date" FROM "reservations"[0m
  â†³ db/migrate/20211112054727_remove_usage_time_from_reservations.rb:3
  [1m[35m (0.2ms)[0m  [1m[35mDROP TABLE "reservations"[0m
  â†³ db/migrate/20211112054727_remove_usage_time_from_reservations.rb:3
  [1m[35m (0.1ms)[0m  [1m[35mCREATE TABLE "reservations" ("id" integer NOT NULL PRIMARY KEY, "guest_id" integer DEFAULT NULL, "people" varchar DEFAULT NULL, "start_time" time DEFAULT NULL, "end_time" time DEFAULT NULL, "hourly_rate" integer DEFAULT NULL, "billing_amount" integer DEFAULT NULL, "payment" integer DEFAULT NULL, "is_active" boolean DEFAULT NULL, "created_at" datetime NOT NULL, "updated_at" datetime NOT NULL, "use_date" date DEFAULT NULL)[0m
  â†³ db/migrate/20211112054727_remove_usage_time_from_reservations.rb:3
  [1m[35m (0.1ms)[0m  [1m[32mINSERT INTO "reservations" ("id","guest_id","people","start_time","end_time","hourly_rate","billing_amount","payment","is_active","created_at","updated_at","use_date")
                     SELECT "id","guest_id","people","start_time","end_time","hourly_rate","billing_amount","payment","is_active","created_at","updated_at","use_date" FROM "areservations"[0m
  â†³ db/migrate/20211112054727_remove_usage_time_from_reservations.rb:3
  [1m[35m (0.1ms)[0m  [1m[35mDROP TABLE "areservations"[0m
  â†³ db/migrate/20211112054727_remove_usage_time_from_reservations.rb:3
  [1m[36mActiveRecord::SchemaMigration Create (0.1ms)[0m  [1m[32mINSERT INTO "schema_migrations" ("version") VALUES (?)[0m  [["version", "20211112054727"]]
  â†³ bin/rails:9
  [1m[35m (4.6ms)[0m  [1m[36mcommit transaction[0m
  â†³ bin/rails:9
Migrating to AddSpaceIdToReservations (20211112105706)
  [1m[35m (0.0ms)[0m  [1m[36mbegin transaction[0m
  â†³ bin/rails:9
  [1m[35m (0.3ms)[0m  [1m[35mALTER TABLE "reservations" ADD "space_id" integer[0m
  â†³ db/migrate/20211112105706_add_space_id_to_reservations.rb:3
  [1m[36mActiveRecord::SchemaMigration Create (0.1ms)[0m  [1m[32mINSERT INTO "schema_migrations" ("version") VALUES (?)[0m  [["version", "20211112105706"]]
  â†³ bin/rails:9
  [1m[35m (4.4ms)[0m  [1m[36mcommit transaction[0m
  â†³ bin/rails:9
Migrating to ChangeStatusOfReservations (20211112143058)
  [1m[35m (0.0ms)[0m  [1m[36mbegin transaction[0m
  â†³ bin/rails:9
  [1m[35m (0.2ms)[0m  [1m[35mCREATE TEMPORARY TABLE "areservations" ("id" integer NOT NULL PRIMARY KEY, "guest_id" integer DEFAULT NULL, "people" varchar DEFAULT NULL, "start_time" time DEFAULT NULL, "end_time" time DEFAULT NULL, "hourly_rate" integer DEFAULT NULL, "billing_amount" integer DEFAULT NULL, "payment" integer DEFAULT NULL, "is_active" boolean DEFAULT NULL, "created_at" datetime NOT NULL, "updated_at" datetime NOT NULL, "use_date" date DEFAULT NULL, "space_id" integer DEFAULT NULL)[0m
  â†³ db/migrate/20211112143058_change_status_of_reservations.rb:3
  [1m[35m (0.1ms)[0m  [1m[32mINSERT INTO "areservations" ("id","guest_id","people","start_time","end_time","hourly_rate","billing_amount","payment","is_active","created_at","updated_at","use_date","space_id")
                     SELECT "id","guest_id","people","start_time","end_time","hourly_rate","billing_amount","payment","is_active","created_at","updated_at","use_date","space_id" FROM "reservations"[0m
  â†³ db/migrate/20211112143058_change_status_of_reservations.rb:3
  [1m[35m (0.2ms)[0m  [1m[35mDROP TABLE "reservations"[0m
  â†³ db/migrate/20211112143058_change_status_of_reservations.rb:3
  [1m[35m (0.2ms)[0m  [1m[35mCREATE TABLE "reservations" ("id" integer NOT NULL PRIMARY KEY, "guest_id" integer DEFAULT NULL, "people" varchar DEFAULT NULL, "start_time" time DEFAULT NULL, "end_time" time DEFAULT NULL, "hourly_rate" integer DEFAULT NULL, "billing_amount" integer DEFAULT NULL, "payment" integer DEFAULT NULL, "is_active" boolean DEFAULT 1, "created_at" datetime NOT NULL, "updated_at" datetime NOT NULL, "use_date" date DEFAULT NULL, "space_id" integer DEFAULT NULL)[0m
  â†³ db/migrate/20211112143058_change_status_of_reservations.rb:3
  [1m[35m (0.1ms)[0m  [1m[32mINSERT INTO "reservations" ("id","guest_id","people","start_time","end_time","hourly_rate","billing_amount","payment","is_active","created_at","updated_at","use_date","space_id")
                     SELECT "id","guest_id","people","start_time","end_time","hourly_rate","billing_amount","payment","is_active","created_at","updated_at","use_date","space_id" FROM "areservations"[0m
  â†³ db/migrate/20211112143058_change_status_of_reservations.rb:3
  [1m[35m (0.1ms)[0m  [1m[35mDROP TABLE "areservations"[0m
  â†³ db/migrate/20211112143058_change_status_of_reservations.rb:3
  [1m[36mActiveRecord::SchemaMigration Create (0.1ms)[0m  [1m[32mINSERT INTO "schema_migrations" ("version") VALUES (?)[0m  [["version", "20211112143058"]]
  â†³ bin/rails:9
  [1m[35m (6.7ms)[0m  [1m[36mcommit transaction[0m
  â†³ bin/rails:9
Migrating to ChangeDatatypeUseDateOfReservations (20211118083207)
  [1m[35m (0.0ms)[0m  [1m[36mbegin transaction[0m
  â†³ bin/rails:9
  [1m[35m (0.2ms)[0m  [1m[35mCREATE TEMPORARY TABLE "areservations" ("id" integer NOT NULL PRIMARY KEY, "guest_id" integer DEFAULT NULL, "people" varchar DEFAULT NULL, "start_time" time DEFAULT NULL, "end_time" time DEFAULT NULL, "hourly_rate" integer DEFAULT NULL, "billing_amount" integer DEFAULT NULL, "payment" integer DEFAULT NULL, "is_active" boolean DEFAULT 1, "created_at" datetime NOT NULL, "updated_at" datetime NOT NULL, "use_date" date DEFAULT NULL, "space_id" integer DEFAULT NULL)[0m
  â†³ db/migrate/20211118083207_change_datatype_use_date_of_reservations.rb:3
  [1m[35m (0.1ms)[0m  [1m[32mINSERT INTO "areservations" ("id","guest_id","people","start_time","end_time","hourly_rate","billing_amount","payment","is_active","created_at","updated_at","use_date","space_id")
                     SELECT "id","guest_id","people","start_time","end_time","hourly_rate","billing_amount","payment","is_active","created_at","updated_at","use_date","space_id" FROM "reservations"[0m
  â†³ db/migrate/20211118083207_change_datatype_use_date_of_reservations.rb:3
  [1m[35m (0.2ms)[0m  [1m[35mDROP TABLE "reservations"[0m
  â†³ db/migrate/20211118083207_change_datatype_use_date_of_reservations.rb:3
  [1m[35m (0.2ms)[0m  [1m[35mCREATE TABLE "reservations" ("id" integer NOT NULL PRIMARY KEY, "guest_id" integer DEFAULT NULL, "people" varchar DEFAULT NULL, "start_time" time DEFAULT NULL, "end_time" time DEFAULT NULL, "hourly_rate" integer DEFAULT NULL, "billing_amount" integer DEFAULT NULL, "payment" integer DEFAULT NULL, "is_active" boolean DEFAULT 1, "created_at" datetime NOT NULL, "updated_at" datetime NOT NULL, "use_date" datetime DEFAULT NULL, "space_id" integer DEFAULT NULL)[0m
  â†³ db/migrate/20211118083207_change_datatype_use_date_of_reservations.rb:3
  [1m[35m (0.1ms)[0m  [1m[32mINSERT INTO "reservations" ("id","guest_id","people","start_time","end_time","hourly_rate","billing_amount","payment","is_active","created_at","updated_at","use_date","space_id")
                     SELECT "id","guest_id","people","start_time","end_time","hourly_rate","billing_amount","payment","is_active","created_at","updated_at","use_date","space_id" FROM "areservations"[0m
  â†³ db/migrate/20211118083207_change_datatype_use_date_of_reservations.rb:3
  [1m[35m (0.1ms)[0m  [1m[35mDROP TABLE "areservations"[0m
  â†³ db/migrate/20211118083207_change_datatype_use_date_of_reservations.rb:3
  [1m[36mActiveRecord::SchemaMigration Create (0.1ms)[0m  [1m[32mINSERT INTO "schema_migrations" ("version") VALUES (?)[0m  [["version", "20211118083207"]]
  â†³ bin/rails:9
  [1m[35m (4.0ms)[0m  [1m[36mcommit transaction[0m
  â†³ bin/rails:9
Migrating to ChangeDatatypeOfReservations (20211118095956)
  [1m[35m (0.0ms)[0m  [1m[36mbegin transaction[0m
  â†³ bin/rails:9
  [1m[35m (0.2ms)[0m  [1m[35mCREATE TEMPORARY TABLE "areservations" ("id" integer NOT NULL PRIMARY KEY, "guest_id" integer DEFAULT NULL, "people" varchar DEFAULT NULL, "start_time" time DEFAULT NULL, "end_time" time DEFAULT NULL, "hourly_rate" integer DEFAULT NULL, "billing_amount" integer DEFAULT NULL, "payment" integer DEFAULT NULL, "is_active" boolean DEFAULT 1, "created_at" datetime NOT NULL, "updated_at" datetime NOT NULL, "use_date" datetime DEFAULT NULL, "space_id" integer DEFAULT NULL)[0m
  â†³ db/migrate/20211118095956_change_datatype_of_reservations.rb:3
  [1m[35m (0.1ms)[0m  [1m[32mINSERT INTO "areservations" ("id","guest_id","people","start_time","end_time","hourly_rate","billing_amount","payment","is_active","created_at","updated_at","use_date","space_id")
                     SELECT "id","guest_id","people","start_time","end_time","hourly_rate","billing_amount","payment","is_active","created_at","updated_at","use_date","space_id" FROM "reservations"[0m
  â†³ db/migrate/20211118095956_change_datatype_of_reservations.rb:3
  [1m[35m (0.2ms)[0m  [1m[35mDROP TABLE "reservations"[0m
  â†³ db/migrate/20211118095956_change_datatype_of_reservations.rb:3
  [1m[35m (0.2ms)[0m  [1m[35mCREATE TABLE "reservations" ("id" integer NOT NULL PRIMARY KEY, "guest_id" integer DEFAULT NULL, "people" varchar DEFAULT NULL, "start_time" datetime DEFAULT NULL, "end_time" time DEFAULT NULL, "hourly_rate" integer DEFAULT NULL, "billing_amount" integer DEFAULT NULL, "payment" integer DEFAULT NULL, "is_active" boolean DEFAULT 1, "created_at" datetime NOT NULL, "updated_at" datetime NOT NULL, "use_date" datetime DEFAULT NULL, "space_id" integer DEFAULT NULL)[0m
  â†³ db/migrate/20211118095956_change_datatype_of_reservations.rb:3
  [1m[35m (0.1ms)[0m  [1m[32mINSERT INTO "reservations" ("id","guest_id","people","start_time","end_time","hourly_rate","billing_amount","payment","is_active","created_at","updated_at","use_date","space_id")
                     SELECT "id","guest_id","people","start_time","end_time","hourly_rate","billing_amount","payment","is_active","created_at","updated_at","use_date","space_id" FROM "areservations"[0m
  â†³ db/migrate/20211118095956_change_datatype_of_reservations.rb:3
  [1m[35m (0.1ms)[0m  [1m[35mDROP TABLE "areservations"[0m
  â†³ db/migrate/20211118095956_change_datatype_of_reservations.rb:3
  [1m[35m (0.2ms)[0m  [1m[35mCREATE TEMPORARY TABLE "areservations" ("id" integer NOT NULL PRIMARY KEY, "guest_id" integer DEFAULT NULL, "people" varchar DEFAULT NULL, "start_time" datetime DEFAULT NULL, "end_time" time DEFAULT NULL, "hourly_rate" integer DEFAULT NULL, "billing_amount" integer DEFAULT NULL, "payment" integer DEFAULT NULL, "is_active" boolean DEFAULT 1, "created_at" datetime NOT NULL, "updated_at" datetime NOT NULL, "use_date" datetime DEFAULT NULL, "space_id" integer DEFAULT NULL)[0m
  â†³ db/migrate/20211118095956_change_datatype_of_reservations.rb:4
  [1m[35m (0.1ms)[0m  [1m[32mINSERT INTO "areservations" ("id","guest_id","people","start_time","end_time","hourly_rate","billing_amount","payment","is_active","created_at","updated_at","use_date","space_id")
                     SELECT "id","guest_id","people","start_time","end_time","hourly_rate","billing_amount","payment","is_active","created_at","updated_at","use_date","space_id" FROM "reservations"[0m
  â†³ db/migrate/20211118095956_change_datatype_of_reservations.rb:4
  [1m[35m (0.2ms)[0m  [1m[35mDROP TABLE "reservations"[0m
  â†³ db/migrate/20211118095956_change_datatype_of_reservations.rb:4
  [1m[35m (0.2ms)[0m  [1m[35mCREATE TABLE "reservations" ("id" integer NOT NULL PRIMARY KEY, "guest_id" integer DEFAULT NULL, "people" varchar DEFAULT NULL, "start_time" datetime DEFAULT NULL, "end_time" datetime DEFAULT NULL, "hourly_rate" integer DEFAULT NULL, "billing_amount" integer DEFAULT NULL, "payment" integer DEFAULT NULL, "is_active" boolean DEFAULT 1, "created_at" datetime NOT NULL, "updated_at" datetime NOT NULL, "use_date" datetime DEFAULT NULL, "space_id" integer DEFAULT NULL)[0m
  â†³ db/migrate/20211118095956_change_datatype_of_reservations.rb:4
  [1m[35m (0.1ms)[0m  [1m[32mINSERT INTO "reservations" ("id","guest_id","people","start_time","end_time","hourly_rate","billing_amount","payment","is_active","created_at","updated_at","use_date","space_id")
                     SELECT "id","guest_id","people","start_time","end_time","hourly_rate","billing_amount","payment","is_active","created_at","updated_at","use_date","space_id" FROM "areservations"[0m
  â†³ db/migrate/20211118095956_change_datatype_of_reservations.rb:4
  [1m[35m (0.1ms)[0m  [1m[35mDROP TABLE "areservations"[0m
  â†³ db/migrate/20211118095956_change_datatype_of_reservations.rb:4
  [1m[36mActiveRecord::SchemaMigration Create (0.1ms)[0m  [1m[32mINSERT INTO "schema_migrations" ("version") VALUES (?)[0m  [["version", "20211118095956"]]
  â†³ bin/rails:9
  [1m[35m (4.3ms)[0m  [1m[36mcommit transaction[0m
  â†³ bin/rails:9
Migrating to RemoveUseDateFromReservations (20211118101434)
  [1m[35m (0.0ms)[0m  [1m[36mbegin transaction[0m
  â†³ bin/rails:9
  [1m[35m (0.2ms)[0m  [1m[35mCREATE TEMPORARY TABLE "areservations" ("id" integer NOT NULL PRIMARY KEY, "guest_id" integer DEFAULT NULL, "people" varchar DEFAULT NULL, "start_time" datetime DEFAULT NULL, "end_time" datetime DEFAULT NULL, "hourly_rate" integer DEFAULT NULL, "billing_amount" integer DEFAULT NULL, "payment" integer DEFAULT NULL, "is_active" boolean DEFAULT 1, "created_at" datetime NOT NULL, "updated_at" datetime NOT NULL, "use_date" datetime DEFAULT NULL, "space_id" integer DEFAULT NULL)[0m
  â†³ db/migrate/20211118101434_remove_use_date_from_reservations.rb:3
  [1m[35m (0.1ms)[0m  [1m[32mINSERT INTO "areservations" ("id","guest_id","people","start_time","end_time","hourly_rate","billing_amount","payment","is_active","created_at","updated_at","use_date","space_id")
                     SELECT "id","guest_id","people","start_time","end_time","hourly_rate","billing_amount","payment","is_active","created_at","updated_at","use_date","space_id" FROM "reservations"[0m
  â†³ db/migrate/20211118101434_remove_use_date_from_reservations.rb:3
  [1m[35m (0.2ms)[0m  [1m[35mDROP TABLE "reservations"[0m
  â†³ db/migrate/20211118101434_remove_use_date_from_reservations.rb:3
  [1m[35m (0.2ms)[0m  [1m[35mCREATE TABLE "reservations" ("id" integer NOT NULL PRIMARY KEY, "guest_id" integer DEFAULT NULL, "people" varchar DEFAULT NULL, "start_time" datetime DEFAULT NULL, "end_time" datetime DEFAULT NULL, "hourly_rate" integer DEFAULT NULL, "billing_amount" integer DEFAULT NULL, "payment" integer DEFAULT NULL, "is_active" boolean DEFAULT 1, "created_at" datetime NOT NULL, "updated_at" datetime NOT NULL, "space_id" integer DEFAULT NULL)[0m
  â†³ db/migrate/20211118101434_remove_use_date_from_reservations.rb:3
  [1m[35m (0.1ms)[0m  [1m[32mINSERT INTO "reservations" ("id","guest_id","people","start_time","end_time","hourly_rate","billing_amount","payment","is_active","created_at","updated_at","space_id")
                     SELECT "id","guest_id","people","start_time","end_time","hourly_rate","billing_amount","payment","is_active","created_at","updated_at","space_id" FROM "areservations"[0m
  â†³ db/migrate/20211118101434_remove_use_date_from_reservations.rb:3
  [1m[35m (0.1ms)[0m  [1m[35mDROP TABLE "areservations"[0m
  â†³ db/migrate/20211118101434_remove_use_date_from_reservations.rb:3
  [1m[36mActiveRecord::SchemaMigration Create (0.1ms)[0m  [1m[32mINSERT INTO "schema_migrations" ("version") VALUES (?)[0m  [["version", "20211118101434"]]
  â†³ bin/rails:9
  [1m[35m (4.5ms)[0m  [1m[36mcommit transaction[0m
  â†³ bin/rails:9
Migrating to CreateContacts (20211120125009)
  [1m[35m (0.0ms)[0m  [1m[36mbegin transaction[0m
  â†³ bin/rails:9
  [1m[35m (0.2ms)[0m  [1m[35mCREATE TABLE "contacts" ("id" integer PRIMARY KEY AUTOINCREMENT NOT NULL, "name" varchar NOT NULL, "email" varchar NOT NULL, "phone_number" varchar NOT NULL, "message" text NOT NULL, "created_at" datetime NOT NULL, "updated_at" datetime NOT NULL)[0m
  â†³ db/migrate/20211120125009_create_contacts.rb:3
  [1m[36mActiveRecord::SchemaMigration Create (0.1ms)[0m  [1m[32mINSERT INTO "schema_migrations" ("version") VALUES (?)[0m  [["version", "20211120125009"]]
  â†³ bin/rails:9
  [1m[35m (4.3ms)[0m  [1m[36mcommit transaction[0m
  â†³ bin/rails:9
Migrating to AddSpaceIdToContacts (20211120145310)
  [1m[35m (0.0ms)[0m  [1m[36mbegin transaction[0m
  â†³ bin/rails:9
  [1m[35m (0.2ms)[0m  [1m[35mALTER TABLE "contacts" ADD "space_id" integer[0m
  â†³ db/migrate/20211120145310_add_space_id_to_contacts.rb:3
  [1m[36mActiveRecord::SchemaMigration Create (0.1ms)[0m  [1m[32mINSERT INTO "schema_migrations" ("version") VALUES (?)[0m  [["version", "20211120145310"]]
  â†³ bin/rails:9
  [1m[35m (4.7ms)[0m  [1m[36mcommit transaction[0m
  â†³ bin/rails:9
Migrating to AddUseDateToReservations (20211122141827)
  [1m[35m (0.0ms)[0m  [1m[36mbegin transaction[0m
  â†³ bin/rails:9
  [1m[35m (0.2ms)[0m  [1m[35mALTER TABLE "reservations" ADD "use_date" date[0m
  â†³ db/migrate/20211122141827_add_use_date_to_reservations.rb:3
  [1m[36mActiveRecord::SchemaMigration Create (0.1ms)[0m  [1m[32mINSERT INTO "schema_migrations" ("version") VALUES (?)[0m  [["version", "20211122141827"]]
  â†³ bin/rails:9
  [1m[35m (4.3ms)[0m  [1m[36mcommit transaction[0m
  â†³ bin/rails:9
Migrating to ChangeDatatypesOfReservations (20211122142414)
  [1m[35m (0.0ms)[0m  [1m[36mbegin transaction[0m
  â†³ bin/rails:9
  [1m[35m (0.2ms)[0m  [1m[35mCREATE TEMPORARY TABLE "areservations" ("id" integer NOT NULL PRIMARY KEY, "guest_id" integer DEFAULT NULL, "people" varchar DEFAULT NULL, "start_time" datetime DEFAULT NULL, "end_time" datetime DEFAULT NULL, "hourly_rate" integer DEFAULT NULL, "billing_amount" integer DEFAULT NULL, "payment" integer DEFAULT NULL, "is_active" boolean DEFAULT 1, "created_at" datetime NOT NULL, "updated_at" datetime NOT NULL, "space_id" integer DEFAULT NULL, "use_date" date DEFAULT NULL)[0m
  â†³ db/migrate/20211122142414_change_datatypes_of_reservations.rb:3
  [1m[35m (0.1ms)[0m  [1m[32mINSERT INTO "areservations" ("id","guest_id","people","start_time","end_time","hourly_rate","billing_amount","payment","is_active","created_at","updated_at","space_id","use_date")
                     SELECT "id","guest_id","people","start_time","end_time","hourly_rate","billing_amount","payment","is_active","created_at","updated_at","space_id","use_date" FROM "reservations"[0m
  â†³ db/migrate/20211122142414_change_datatypes_of_reservations.rb:3
  [1m[35m (0.2ms)[0m  [1m[35mDROP TABLE "reservations"[0m
  â†³ db/migrate/20211122142414_change_datatypes_of_reservations.rb:3
  [1m[35m (0.2ms)[0m  [1m[35mCREATE TABLE "reservations" ("id" integer NOT NULL PRIMARY KEY, "guest_id" integer DEFAULT NULL, "people" varchar DEFAULT NULL, "start_time" time DEFAULT NULL, "end_time" datetime DEFAULT NULL, "hourly_rate" integer DEFAULT NULL, "billing_amount" integer DEFAULT NULL, "payment" integer DEFAULT NULL, "is_active" boolean DEFAULT 1, "created_at" datetime NOT NULL, "updated_at" datetime NOT NULL, "space_id" integer DEFAULT NULL, "use_date" date DEFAULT NULL)[0m
  â†³ db/migrate/20211122142414_change_datatypes_of_reservations.rb:3
  [1m[35m (0.1ms)[0m  [1m[32mINSERT INTO "reservations" ("id","guest_id","people","start_time","end_time","hourly_rate","billing_amount","payment","is_active","created_at","updated_at","space_id","use_date")
                     SELECT "id","guest_id","people","start_time","end_time","hourly_rate","billing_amount","payment","is_active","created_at","updated_at","space_id","use_date" FROM "areservations"[0m
  â†³ db/migrate/20211122142414_change_datatypes_of_reservations.rb:3
  [1m[35m (0.1ms)[0m  [1m[35mDROP TABLE "areservations"[0m
  â†³ db/migrate/20211122142414_change_datatypes_of_reservations.rb:3
  [1m[35m (0.2ms)[0m  [1m[35mCREATE TEMPORARY TABLE "areservations" ("id" integer NOT NULL PRIMARY KEY, "guest_id" integer DEFAULT NULL, "people" varchar DEFAULT NULL, "start_time" time DEFAULT NULL, "end_time" datetime DEFAULT NULL, "hourly_rate" integer DEFAULT NULL, "billing_amount" integer DEFAULT NULL, "payment" integer DEFAULT NULL, "is_active" boolean DEFAULT 1, "created_at" datetime NOT NULL, "updated_at" datetime NOT NULL, "space_id" integer DEFAULT NULL, "use_date" date DEFAULT NULL)[0m
  â†³ db/migrate/20211122142414_change_datatypes_of_reservations.rb:4
  [1m[35m (0.1ms)[0m  [1m[32mINSERT INTO "areservations" ("id","guest_id","people","start_time","end_time","hourly_rate","billing_amount","payment","is_active","created_at","updated_at","space_id","use_date")
                     SELECT "id","guest_id","people","start_time","end_time","hourly_rate","billing_amount","payment","is_active","created_at","updated_at","space_id","use_date" FROM "reservations"[0m
  â†³ db/migrate/20211122142414_change_datatypes_of_reservations.rb:4
  [1m[35m (0.2ms)[0m  [1m[35mDROP TABLE "reservations"[0m
  â†³ db/migrate/20211122142414_change_datatypes_of_reservations.rb:4
  [1m[35m (0.2ms)[0m  [1m[35mCREATE TABLE "reservations" ("id" integer NOT NULL PRIMARY KEY, "guest_id" integer DEFAULT NULL, "people" varchar DEFAULT NULL, "start_time" time DEFAULT NULL, "end_time" time DEFAULT NULL, "hourly_rate" integer DEFAULT NULL, "billing_amount" integer DEFAULT NULL, "payment" integer DEFAULT NULL, "is_active" boolean DEFAULT 1, "created_at" datetime NOT NULL, "updated_at" datetime NOT NULL, "space_id" integer DEFAULT NULL, "use_date" date DEFAULT NULL)[0m
  â†³ db/migrate/20211122142414_change_datatypes_of_reservations.rb:4
  [1m[35m (0.1ms)[0m  [1m[32mINSERT INTO "reservations" ("id","guest_id","people","start_time","end_time","hourly_rate","billing_amount","payment","is_active","created_at","updated_at","space_id","use_date")
                     SELECT "id","guest_id","people","start_time","end_time","hourly_rate","billing_amount","payment","is_active","created_at","updated_at","space_id","use_date" FROM "areservations"[0m
  â†³ db/migrate/20211122142414_change_datatypes_of_reservations.rb:4
  [1m[35m (0.1ms)[0m  [1m[35mDROP TABLE "areservations"[0m
  â†³ db/migrate/20211122142414_change_datatypes_of_reservations.rb:4
  [1m[36mActiveRecord::SchemaMigration Create (0.1ms)[0m  [1m[32mINSERT INTO "schema_migrations" ("version") VALUES (?)[0m  [["version", "20211122142414"]]
  â†³ bin/rails:9
  [1m[35m (4.3ms)[0m  [1m[36mcommit transaction[0m
  â†³ bin/rails:9
Migrating to RenameStartTimeColumnToReservations (20211122142710)
  [1m[35m (0.0ms)[0m  [1m[36mbegin transaction[0m
  â†³ bin/rails:9
  [1m[35m (0.2ms)[0m  [1m[35mCREATE TEMPORARY TABLE "areservations" ("id" integer NOT NULL PRIMARY KEY, "guest_id" integer DEFAULT NULL, "people" varchar DEFAULT NULL, "using_time" time DEFAULT NULL, "end_time" time DEFAULT NULL, "hourly_rate" integer DEFAULT NULL, "billing_amount" integer DEFAULT NULL, "payment" integer DEFAULT NULL, "is_active" boolean DEFAULT 1, "created_at" datetime NOT NULL, "updated_at" datetime NOT NULL, "space_id" integer DEFAULT NULL, "use_date" date DEFAULT NULL)[0m
  â†³ db/migrate/20211122142710_rename_start_time_column_to_reservations.rb:3
  [1m[35m (0.1ms)[0m  [1m[32mINSERT INTO "areservations" ("id","guest_id","people","using_time","end_time","hourly_rate","billing_amount","payment","is_active","created_at","updated_at","space_id","use_date")
                     SELECT "id","guest_id","people","start_time","end_time","hourly_rate","billing_amount","payment","is_active","created_at","updated_at","space_id","use_date" FROM "reservations"[0m
  â†³ db/migrate/20211122142710_rename_start_time_column_to_reservations.rb:3
  [1m[35m (0.2ms)[0m  [1m[35mDROP TABLE "reservations"[0m
  â†³ db/migrate/20211122142710_rename_start_time_column_to_reservations.rb:3
  [1m[35m (0.2ms)[0m  [1m[35mCREATE TABLE "reservations" ("id" integer NOT NULL PRIMARY KEY, "guest_id" integer DEFAULT NULL, "people" varchar DEFAULT NULL, "using_time" time DEFAULT NULL, "end_time" time DEFAULT NULL, "hourly_rate" integer DEFAULT NULL, "billing_amount" integer DEFAULT NULL, "payment" integer DEFAULT NULL, "is_active" boolean DEFAULT 1, "created_at" datetime NOT NULL, "updated_at" datetime NOT NULL, "space_id" integer DEFAULT NULL, "use_date" date DEFAULT NULL)[0m
  â†³ db/migrate/20211122142710_rename_start_time_column_to_reservations.rb:3
  [1m[35m (0.1ms)[0m  [1m[32mINSERT INTO "reservations" ("id","guest_id","people","using_time","end_time","hourly_rate","billing_amount","payment","is_active","created_at","updated_at","space_id","use_date")
                     SELECT "id","guest_id","people","using_time","end_time","hourly_rate","billing_amount","payment","is_active","created_at","updated_at","space_id","use_date" FROM "areservations"[0m
  â†³ db/migrate/20211122142710_rename_start_time_column_to_reservations.rb:3
  [1m[35m (0.1ms)[0m  [1m[35mDROP TABLE "areservations"[0m
  â†³ db/migrate/20211122142710_rename_start_time_column_to_reservations.rb:3
  [1m[36mActiveRecord::SchemaMigration Create (0.1ms)[0m  [1m[32mINSERT INTO "schema_migrations" ("version") VALUES (?)[0m  [["version", "20211122142710"]]
  â†³ bin/rails:9
  [1m[35m (4.6ms)[0m  [1m[36mcommit transaction[0m
  â†³ bin/rails:9
Migrating to RenameColumnToReservations (20211122144443)
  [1m[35m (0.0ms)[0m  [1m[36mbegin transaction[0m
  â†³ bin/rails:9
  [1m[35m (0.2ms)[0m  [1m[35mCREATE TEMPORARY TABLE "areservations" ("id" integer NOT NULL PRIMARY KEY, "guest_id" integer DEFAULT NULL, "people" varchar DEFAULT NULL, "begin_time" time DEFAULT NULL, "end_time" time DEFAULT NULL, "hourly_rate" integer DEFAULT NULL, "billing_amount" integer DEFAULT NULL, "payment" integer DEFAULT NULL, "is_active" boolean DEFAULT 1, "created_at" datetime NOT NULL, "updated_at" datetime NOT NULL, "space_id" integer DEFAULT NULL, "use_date" date DEFAULT NULL)[0m
  â†³ db/migrate/20211122144443_rename_column_to_reservations.rb:3
  [1m[35m (0.1ms)[0m  [1m[32mINSERT INTO "areservations" ("id","guest_id","people","begin_time","end_time","hourly_rate","billing_amount","payment","is_active","created_at","updated_at","space_id","use_date")
                     SELECT "id","guest_id","people","using_time","end_time","hourly_rate","billing_amount","payment","is_active","created_at","updated_at","space_id","use_date" FROM "reservations"[0m
  â†³ db/migrate/20211122144443_rename_column_to_reservations.rb:3
  [1m[35m (0.2ms)[0m  [1m[35mDROP TABLE "reservations"[0m
  â†³ db/migrate/20211122144443_rename_column_to_reservations.rb:3
  [1m[35m (0.2ms)[0m  [1m[35mCREATE TABLE "reservations" ("id" integer NOT NULL PRIMARY KEY, "guest_id" integer DEFAULT NULL, "people" varchar DEFAULT NULL, "begin_time" time DEFAULT NULL, "end_time" time DEFAULT NULL, "hourly_rate" integer DEFAULT NULL, "billing_amount" integer DEFAULT NULL, "payment" integer DEFAULT NULL, "is_active" boolean DEFAULT 1, "created_at" datetime NOT NULL, "updated_at" datetime NOT NULL, "space_id" integer DEFAULT NULL, "use_date" date DEFAULT NULL)[0m
  â†³ db/migrate/20211122144443_rename_column_to_reservations.rb:3
  [1m[35m (0.1ms)[0m  [1m[32mINSERT INTO "reservations" ("id","guest_id","people","begin_time","end_time","hourly_rate","billing_amount","payment","is_active","created_at","updated_at","space_id","use_date")
                     SELECT "id","guest_id","people","begin_time","end_time","hourly_rate","billing_amount","payment","is_active","created_at","updated_at","space_id","use_date" FROM "areservations"[0m
  â†³ db/migrate/20211122144443_rename_column_to_reservations.rb:3
  [1m[35m (0.1ms)[0m  [1m[35mDROP TABLE "areservations"[0m
  â†³ db/migrate/20211122144443_rename_column_to_reservations.rb:3
  [1m[35m (0.2ms)[0m  [1m[35mCREATE TEMPORARY TABLE "areservations" ("id" integer NOT NULL PRIMARY KEY, "guest_id" integer DEFAULT NULL, "people" varchar DEFAULT NULL, "begin_time" time DEFAULT NULL, "finish_time" time DEFAULT NULL, "hourly_rate" integer DEFAULT NULL, "billing_amount" integer DEFAULT NULL, "payment" integer DEFAULT NULL, "is_active" boolean DEFAULT 1, "created_at" datetime NOT NULL, "updated_at" datetime NOT NULL, "space_id" integer DEFAULT NULL, "use_date" date DEFAULT NULL)[0m
  â†³ db/migrate/20211122144443_rename_column_to_reservations.rb:4
  [1m[35m (0.1ms)[0m  [1m[32mINSERT INTO "areservations" ("id","guest_id","people","begin_time","finish_time","hourly_rate","billing_amount","payment","is_active","created_at","updated_at","space_id","use_date")
                     SELECT "id","guest_id","people","begin_time","end_time","hourly_rate","billing_amount","payment","is_active","created_at","updated_at","space_id","use_date" FROM "reservations"[0m
  â†³ db/migrate/20211122144443_rename_column_to_reservations.rb:4
  [1m[35m (0.2ms)[0m  [1m[35mDROP TABLE "reservations"[0m
  â†³ db/migrate/20211122144443_rename_column_to_reservations.rb:4
  [1m[35m (0.2ms)[0m  [1m[35mCREATE TABLE "reservations" ("id" integer NOT NULL PRIMARY KEY, "guest_id" integer DEFAULT NULL, "people" varchar DEFAULT NULL, "begin_time" time DEFAULT NULL, "finish_time" time DEFAULT NULL, "hourly_rate" integer DEFAULT NULL, "billing_amount" integer DEFAULT NULL, "payment" integer DEFAULT NULL, "is_active" boolean DEFAULT 1, "created_at" datetime NOT NULL, "updated_at" datetime NOT NULL, "space_id" integer DEFAULT NULL, "use_date" date DEFAULT NULL)[0m
  â†³ db/migrate/20211122144443_rename_column_to_reservations.rb:4
  [1m[35m (0.1ms)[0m  [1m[32mINSERT INTO "reservations" ("id","guest_id","people","begin_time","finish_time","hourly_rate","billing_amount","payment","is_active","created_at","updated_at","space_id","use_date")
                     SELECT "id","guest_id","people","begin_time","finish_time","hourly_rate","billing_amount","payment","is_active","created_at","updated_at","space_id","use_date" FROM "areservations"[0m
  â†³ db/migrate/20211122144443_rename_column_to_reservations.rb:4
  [1m[35m (0.1ms)[0m  [1m[35mDROP TABLE "areservations"[0m
  â†³ db/migrate/20211122144443_rename_column_to_reservations.rb:4
  [1m[36mActiveRecord::SchemaMigration Create (0.1ms)[0m  [1m[32mINSERT INTO "schema_migrations" ("version") VALUES (?)[0m  [["version", "20211122144443"]]
  â†³ bin/rails:9
  [1m[35m (4.1ms)[0m  [1m[36mcommit transaction[0m
  â†³ bin/rails:9
  [1m[36mActiveRecord::InternalMetadata Load (0.2ms)[0m  [1m[34mSELECT  "ar_internal_metadata".* FROM "ar_internal_metadata" WHERE "ar_internal_metadata"."key" = ? LIMIT ?[0m  [["key", "environment"], ["LIMIT", 1]]
  â†³ bin/rails:9
  [1m[35m (0.0ms)[0m  [1m[36mbegin transaction[0m
  â†³ bin/rails:9
  [1m[36mActiveRecord::InternalMetadata Create (0.2ms)[0m  [1m[32mINSERT INTO "ar_internal_metadata" ("key", "value", "created_at", "updated_at") VALUES (?, ?, ?, ?)[0m  [["key", "environment"], ["value", "development"], ["created_at", "2021-11-24 04:36:25.744504"], ["updated_at", "2021-11-24 04:36:25.744504"]]
  â†³ bin/rails:9
  [1m[35m (4.2ms)[0m  [1m[36mcommit transaction[0m
  â†³ bin/rails:9
  [1m[35m (0.1ms)[0m  [1m[34mSELECT "schema_migrations"."version" FROM "schema_migrations" ORDER BY "schema_migrations"."version" ASC[0m
  â†³ bin/rails:9
Started GET "/" for 126.91.218.199 at 2021-11-24 04:36:34 +0000
Cannot render console from 126.91.218.199! Allowed networks: 127.0.0.1, ::1, 127.0.0.0/127.255.255.255
  [1m[35m (0.1ms)[0m  [1m[34mSELECT "schema_migrations"."version" FROM "schema_migrations" ORDER BY "schema_migrations"."version" ASC[0m
  â†³ /home/ec2-user/.rvm/gems/ruby-2.6.3/gems/activerecord-5.2.6/lib/active_record/log_subscriber.rb:98
Processing by HomesController#top as HTML
  Rendering homes/top.html.erb within layouts/application
  Rendered homes/top.html.erb within layouts/application (1.6ms)
Started GET "/" for 126.91.218.199 at 2021-11-24 04:36:35 +0000
Cannot render console from 126.91.218.199! Allowed networks: 127.0.0.1, ::1, 127.0.0.0/127.255.255.255
Processing by HomesController#top as HTML
  Rendering homes/top.html.erb within layouts/application
  Rendered homes/top.html.erb within layouts/application (0.3ms)
Completed 200 OK in 12045ms (Views: 12036.4ms | ActiveRecord: 0.0ms)


Completed 200 OK in 10535ms (Views: 10534.2ms | ActiveRecord: 0.0ms)


Started GET "/guests/sign_in" for 126.91.218.199 at 2021-11-24 04:36:58 +0000
Cannot render console from 126.91.218.199! Allowed networks: 127.0.0.1, ::1, 127.0.0.0/127.255.255.255
Processing by Guests::SessionsController#new as HTML
  Rendering guests/sessions/new.html.erb within layouts/application
  Rendered guests/sessions/new.html.erb within layouts/application (39.8ms)
Completed 200 OK in 103ms (Views: 88.1ms | ActiveRecord: 0.7ms)


Started POST "/guests/sign_in" for 126.91.218.199 at 2021-11-24 04:37:04 +0000
Cannot render console from 126.91.218.199! Allowed networks: 127.0.0.1, ::1, 127.0.0.0/127.255.255.255
Processing by Guests::SessionsController#create as HTML
  Parameters: {"utf8"=>"âœ“", "authenticity_token"=>"apa1vlKuniTuonbjNDnHfSgh1GaUSboolZFeh3C5IxAKu0YonDVqouRHSQVNqeYbgXBYm7co9npUsAO8DhXzEQ==", "guest"=>{"email"=>"yamada@yamada", "password"=>"[FILTERED]"}, "commit"=>"ãƒ­ã‚°ã‚¤ãƒ³"}
  [1m[36mGuest Load (0.4ms)[0m  [1m[34mSELECT  "guests".* FROM "guests" WHERE "guests"."email" = ? ORDER BY "guests"."id" ASC LIMIT ?[0m  [["email", "yamada@yamada"], ["LIMIT", 1]]
  â†³ /home/ec2-user/.rvm/gems/ruby-2.6.3/gems/activerecord-5.2.6/lib/active_record/log_subscriber.rb:98
Completed 401 Unauthorized in 5ms (ActiveRecord: 0.4ms)


Processing by Guests::SessionsController#new as HTML
  Parameters: {"utf8"=>"âœ“", "authenticity_token"=>"apa1vlKuniTuonbjNDnHfSgh1GaUSboolZFeh3C5IxAKu0YonDVqouRHSQVNqeYbgXBYm7co9npUsAO8DhXzEQ==", "guest"=>{"email"=>"yamada@yamada", "password"=>"[FILTERED]"}, "commit"=>"ãƒ­ã‚°ã‚¤ãƒ³"}
  Rendering guests/sessions/new.html.erb within layouts/application
  Rendered guests/sessions/new.html.erb within layouts/application (2.9ms)
Completed 200 OK in 371ms (Views: 62.6ms | ActiveRecord: 0.0ms)


Started GET "/guest/spaces" for 126.91.218.199 at 2021-11-24 04:37:09 +0000
Cannot render console from 126.91.218.199! Allowed networks: 127.0.0.1, ::1, 127.0.0.0/127.255.255.255
Processing by Guest::SpacesController#index as HTML
  Rendering guest/spaces/index.html.erb within layouts/application
  [1m[36mSpace Load (0.1ms)[0m  [1m[34mSELECT "spaces".* FROM "spaces" WHERE "spaces"."is_active" = ?[0m  [["is_active", 1]]
  â†³ app/views/guest/spaces/index.html.erb:4
  Rendered guest/spaces/index.html.erb within layouts/application (1.9ms)
Completed 200 OK in 59ms (Views: 49.7ms | ActiveRecord: 0.5ms)


Started GET "/" for 126.91.218.199 at 2021-11-24 04:37:17 +0000
Cannot render console from 126.91.218.199! Allowed networks: 127.0.0.1, ::1, 127.0.0.0/127.255.255.255
Processing by HomesController#top as HTML
  Rendering homes/top.html.erb within layouts/application
  Rendered homes/top.html.erb within layouts/application (0.3ms)
Completed 200 OK in 59ms (Views: 58.2ms | ActiveRecord: 0.0ms)


Started GET "/" for 126.91.218.199 at 2021-11-24 04:42:23 +0000
Cannot render console from 126.91.218.199! Allowed networks: 127.0.0.1, ::1, 127.0.0.0/127.255.255.255
Processing by HomesController#top as HTML
  Rendering homes/top.html.erb within layouts/application
  Rendered homes/top.html.erb within layouts/application (0.3ms)
Completed 200 OK in 46ms (Views: 45.7ms | ActiveRecord: 0.0ms)


Started GET "/" for 126.91.218.199 at 2021-11-24 04:42:32 +0000
Cannot render console from 126.91.218.199! Allowed networks: 127.0.0.1, ::1, 127.0.0.0/127.255.255.255
Processing by HomesController#top as HTML
  Rendering homes/top.html.erb within layouts/application
  Rendered homes/top.html.erb within layouts/application (0.3ms)
Completed 200 OK in 62ms (Views: 61.6ms | ActiveRecord: 0.0ms)


Started GET "/" for 126.91.218.199 at 2021-11-24 04:43:52 +0000
Cannot render console from 126.91.218.199! Allowed networks: 127.0.0.1, ::1, 127.0.0.0/127.255.255.255
Processing by HomesController#top as HTML
  Rendering homes/top.html.erb within layouts/application
  Rendered homes/top.html.erb within layouts/application (0.3ms)
Completed 200 OK in 46ms (Views: 45.4ms | ActiveRecord: 0.0ms)


Started GET "/" for 126.91.218.199 at 2021-11-24 04:44:40 +0000
Cannot render console from 126.91.218.199! Allowed networks: 127.0.0.1, ::1, 127.0.0.0/127.255.255.255
Processing by HomesController#top as HTML
  Rendering homes/top.html.erb within layouts/application
  Rendered homes/top.html.erb within layouts/application (0.3ms)
Completed 200 OK in 57ms (Views: 56.6ms | ActiveRecord: 0.0ms)


Started GET "/" for 126.91.218.199 at 2021-11-24 04:44:42 +0000
Cannot render console from 126.91.218.199! Allowed networks: 127.0.0.1, ::1, 127.0.0.0/127.255.255.255
Processing by HomesController#top as HTML
  Rendering homes/top.html.erb within layouts/application
  Rendered homes/top.html.erb within layouts/application (1.4ms)
Completed 200 OK in 153ms (Views: 151.9ms | ActiveRecord: 0.0ms)


Started GET "/" for 126.91.218.199 at 2021-11-24 04:44:55 +0000
Cannot render console from 126.91.218.199! Allowed networks: 127.0.0.1, ::1, 127.0.0.0/127.255.255.255
Processing by HomesController#top as HTML
  Rendering homes/top.html.erb within layouts/application
  Rendered homes/top.html.erb within layouts/application (0.3ms)
Completed 200 OK in 48ms (Views: 47.3ms | ActiveRecord: 0.0ms)


Started GET "/" for 126.91.218.199 at 2021-11-24 04:46:28 +0000
Cannot render console from 126.91.218.199! Allowed networks: 127.0.0.1, ::1, 127.0.0.0/127.255.255.255
Processing by HomesController#top as HTML
  Rendering homes/top.html.erb within layouts/application
  Rendered homes/top.html.erb within layouts/application (0.5ms)
Completed 500 Internal Server Error in 5ms (ActiveRecord: 0.0ms)


  
SyntaxError (/home/ec2-user/environment/SpaceShare2/app/views/homes/top.html.erb:8: syntax error, unexpected tIDENTIFIER, expecting ')'
...ã‚¹ã‚’æŽ¢ã™" guest_spaces_path, class:"btn btn-success" );@...
...              ^~~~~~~~~~~~~~~~~):
  
app/views/homes/top.html.erb:8: syntax error, unexpected tIDENTIFIER, expecting ')'
Started GET "/" for 126.91.218.199 at 2021-11-24 04:46:41 +0000
Cannot render console from 126.91.218.199! Allowed networks: 127.0.0.1, ::1, 127.0.0.0/127.255.255.255
Processing by HomesController#top as HTML
  Rendering homes/top.html.erb within layouts/application
  Rendered homes/top.html.erb within layouts/application (0.5ms)
Completed 200 OK in 47ms (Views: 46.3ms | ActiveRecord: 0.0ms)


Started GET "/" for 126.91.218.199 at 2021-11-24 04:46:58 +0000
Cannot render console from 126.91.218.199! Allowed networks: 127.0.0.1, ::1, 127.0.0.0/127.255.255.255
Processing by HomesController#top as HTML
  Rendering homes/top.html.erb within layouts/application
  Rendered homes/top.html.erb within layouts/application (0.5ms)
Completed 200 OK in 66ms (Views: 65.4ms | ActiveRecord: 0.0ms)


Started GET "/" for 126.91.218.199 at 2021-11-24 04:47:08 +0000
Cannot render console from 126.91.218.199! Allowed networks: 127.0.0.1, ::1, 127.0.0.0/127.255.255.255
Processing by HomesController#top as HTML
  Rendering homes/top.html.erb within layouts/application
  Rendered homes/top.html.erb within layouts/application (0.5ms)
Completed 200 OK in 47ms (Views: 46.4ms | ActiveRecord: 0.0ms)


Started GET "/" for 126.91.218.199 at 2021-11-24 04:47:22 +0000
Cannot render console from 126.91.218.199! Allowed networks: 127.0.0.1, ::1, 127.0.0.0/127.255.255.255
Processing by HomesController#top as HTML
  Rendering homes/top.html.erb within layouts/application
  Rendered homes/top.html.erb within layouts/application (0.5ms)
Completed 200 OK in 60ms (Views: 59.7ms | ActiveRecord: 0.0ms)


Started GET "/" for 126.91.218.199 at 2021-11-24 07:28:14 +0000
Cannot render console from 126.91.218.199! Allowed networks: 127.0.0.1, ::1, 127.0.0.0/127.255.255.255
  [1m[35m (0.2ms)[0m  [1m[34mSELECT "schema_migrations"."version" FROM "schema_migrations" ORDER BY "schema_migrations"."version" ASC[0m
  â†³ /home/ec2-user/.rvm/gems/ruby-2.6.3/gems/activerecord-5.2.6/lib/active_record/log_subscriber.rb:98
Processing by HomesController#top as HTML
  Rendering homes/top.html.erb within layouts/application
  Rendered homes/top.html.erb within layouts/application (1.4ms)
Completed 200 OK in 658ms (Views: 649.7ms | ActiveRecord: 0.0ms)


Started GET "/" for 126.91.218.199 at 2021-11-24 07:28:16 +0000
Cannot render console from 126.91.218.199! Allowed networks: 127.0.0.1, ::1, 127.0.0.0/127.255.255.255
Processing by HomesController#top as HTML
  Rendering homes/top.html.erb within layouts/application
  Rendered homes/top.html.erb within layouts/application (0.6ms)
Completed 200 OK in 82ms (Views: 80.8ms | ActiveRecord: 0.0ms)


Started GET "/" for 126.91.218.199 at 2021-11-24 07:42:07 +0000
Cannot render console from 126.91.218.199! Allowed networks: 127.0.0.1, ::1, 127.0.0.0/127.255.255.255
  [1m[35m (0.1ms)[0m  [1m[34mSELECT "schema_migrations"."version" FROM "schema_migrations" ORDER BY "schema_migrations"."version" ASC[0m
  â†³ /home/ec2-user/.rvm/gems/ruby-2.6.3/gems/activerecord-5.2.6/lib/active_record/log_subscriber.rb:98
Processing by HomesController#top as HTML
  Rendering homes/top.html.erb within layouts/application
  Rendered homes/top.html.erb within layouts/application (0.8ms)
Completed 200 OK in 667ms (Views: 660.3ms | ActiveRecord: 0.0ms)


Started GET "/" for 126.91.218.199 at 2021-11-24 07:42:08 +0000
Cannot render console from 126.91.218.199! Allowed networks: 127.0.0.1, ::1, 127.0.0.0/127.255.255.255
Processing by HomesController#top as HTML
  Rendering homes/top.html.erb within layouts/application
  Rendered homes/top.html.erb within layouts/application (0.5ms)
Completed 200 OK in 83ms (Views: 82.5ms | ActiveRecord: 0.0ms)


  
ActionController::RoutingError (No route matches [GET] "/assets/interior-g6506a49b4_1920.jpg"):
  
actionpack (5.2.6) lib/action_dispatch/middleware/debug_exceptions.rb:65:in `call'
web-console (3.7.0) lib/web_console/middleware.rb:135:in `call_app'
web-console (3.7.0) lib/web_console/middleware.rb:22:in `block in call'
web-console (3.7.0) lib/web_console/middleware.rb:20:in `catch'
web-console (3.7.0) lib/web_console/middleware.rb:20:in `call'
actionpack (5.2.6) lib/action_dispatch/middleware/show_exceptions.rb:33:in `call'
railties (5.2.6) lib/rails/rack/logger.rb:38:in `call_app'
railties (5.2.6) lib/rails/rack/logger.rb:26:in `block in call'
activesupport (5.2.6) lib/active_support/tagged_logging.rb:71:in `block in tagged'
activesupport (5.2.6) lib/active_support/tagged_logging.rb:28:in `tagged'
activesupport (5.2.6) lib/active_support/tagged_logging.rb:71:in `tagged'
railties (5.2.6) lib/rails/rack/logger.rb:26:in `call'
sprockets-rails (3.2.2) lib/sprockets/rails/quiet_assets.rb:11:in `block in call'
activesupport (5.2.6) lib/active_support/logger_silence.rb:21:in `silence'
activesupport (5.2.6) lib/active_support/logger.rb:65:in `block (3 levels) in broadcast'
activesupport (5.2.6) lib/active_support/logger_silence.rb:21:in `silence'
activesupport (5.2.6) lib/active_support/logger.rb:63:in `block (2 levels) in broadcast'
sprockets-rails (3.2.2) lib/sprockets/rails/quiet_assets.rb:11:in `call'
actionpack (5.2.6) lib/action_dispatch/middleware/remote_ip.rb:81:in `call'
actionpack (5.2.6) lib/action_dispatch/middleware/request_id.rb:27:in `call'
rack (2.2.3) lib/rack/method_override.rb:24:in `call'
rack (2.2.3) lib/rack/runtime.rb:22:in `call'
activesupport (5.2.6) lib/active_support/cache/strategy/local_cache_middleware.rb:29:in `call'
actionpack (5.2.6) lib/action_dispatch/middleware/executor.rb:14:in `call'
actionpack (5.2.6) lib/action_dispatch/middleware/static.rb:127:in `call'
rack (2.2.3) lib/rack/sendfile.rb:110:in `call'
railties (5.2.6) lib/rails/engine.rb:524:in `call'
puma (3.12.6) lib/puma/configuration.rb:227:in `call'
puma (3.12.6) lib/puma/server.rb:706:in `handle_request'
puma (3.12.6) lib/puma/server.rb:476:in `process_client'
puma (3.12.6) lib/puma/server.rb:334:in `block in run'
puma (3.12.6) lib/puma/thread_pool.rb:135:in `block in spawn_thread'
Started GET "/" for 126.91.218.199 at 2021-11-24 07:42:18 +0000
Cannot render console from 126.91.218.199! Allowed networks: 127.0.0.1, ::1, 127.0.0.0/127.255.255.255
Processing by HomesController#top as HTML
  Rendering homes/top.html.erb within layouts/application
  Rendered homes/top.html.erb within layouts/application (0.6ms)
Completed 200 OK in 91ms (Views: 90.4ms | ActiveRecord: 0.0ms)


  
ActionController::RoutingError (No route matches [GET] "/assets/interior-g6506a49b4_1920.jpg"):
  
actionpack (5.2.6) lib/action_dispatch/middleware/debug_exceptions.rb:65:in `call'
web-console (3.7.0) lib/web_console/middleware.rb:135:in `call_app'
web-console (3.7.0) lib/web_console/middleware.rb:22:in `block in call'
web-console (3.7.0) lib/web_console/middleware.rb:20:in `catch'
web-console (3.7.0) lib/web_console/middleware.rb:20:in `call'
actionpack (5.2.6) lib/action_dispatch/middleware/show_exceptions.rb:33:in `call'
railties (5.2.6) lib/rails/rack/logger.rb:38:in `call_app'
railties (5.2.6) lib/rails/rack/logger.rb:26:in `block in call'
activesupport (5.2.6) lib/active_support/tagged_logging.rb:71:in `block in tagged'
activesupport (5.2.6) lib/active_support/tagged_logging.rb:28:in `tagged'
activesupport (5.2.6) lib/active_support/tagged_logging.rb:71:in `tagged'
railties (5.2.6) lib/rails/rack/logger.rb:26:in `call'
sprockets-rails (3.2.2) lib/sprockets/rails/quiet_assets.rb:11:in `block in call'
activesupport (5.2.6) lib/active_support/logger_silence.rb:21:in `silence'
activesupport (5.2.6) lib/active_support/logger.rb:65:in `block (3 levels) in broadcast'
activesupport (5.2.6) lib/active_support/logger_silence.rb:21:in `silence'
activesupport (5.2.6) lib/active_support/logger.rb:63:in `block (2 levels) in broadcast'
sprockets-rails (3.2.2) lib/sprockets/rails/quiet_assets.rb:11:in `call'
actionpack (5.2.6) lib/action_dispatch/middleware/remote_ip.rb:81:in `call'
actionpack (5.2.6) lib/action_dispatch/middleware/request_id.rb:27:in `call'
rack (2.2.3) lib/rack/method_override.rb:24:in `call'
rack (2.2.3) lib/rack/runtime.rb:22:in `call'
activesupport (5.2.6) lib/active_support/cache/strategy/local_cache_middleware.rb:29:in `call'
actionpack (5.2.6) lib/action_dispatch/middleware/executor.rb:14:in `call'
actionpack (5.2.6) lib/action_dispatch/middleware/static.rb:127:in `call'
rack (2.2.3) lib/rack/sendfile.rb:110:in `call'
railties (5.2.6) lib/rails/engine.rb:524:in `call'
puma (3.12.6) lib/puma/configuration.rb:227:in `call'
puma (3.12.6) lib/puma/server.rb:706:in `handle_request'
puma (3.12.6) lib/puma/server.rb:476:in `process_client'
puma (3.12.6) lib/puma/server.rb:334:in `block in run'
puma (3.12.6) lib/puma/thread_pool.rb:135:in `block in spawn_thread'
Started GET "/" for 126.91.218.199 at 2021-11-24 07:42:51 +0000
Cannot render console from 126.91.218.199! Allowed networks: 127.0.0.1, ::1, 127.0.0.0/127.255.255.255
Processing by HomesController#top as HTML
  Rendering homes/top.html.erb within layouts/application
  Rendered homes/top.html.erb within layouts/application (3.0ms)
Completed 500 Internal Server Error in 8ms (ActiveRecord: 0.0ms)


  
ActionView::Template::Error (The asset "interior-g6506a49b4_1920" is not present in the asset pipeline.
):
    1: <%= image_tag 'interior-g6506a49b4_1920' %>
    2: 
    3: <div class="container">
    4:   <div class="title text-center justify-content-center">
  
app/views/homes/top.html.erb:1:in `_app_views_homes_top_html_erb___1365713426499052908_70102306684260'
Started GET "/" for 126.91.218.199 at 2021-11-24 07:43:10 +0000
Cannot render console from 126.91.218.199! Allowed networks: 127.0.0.1, ::1, 127.0.0.0/127.255.255.255
Processing by HomesController#top as HTML
  Rendering homes/top.html.erb within layouts/application
  Rendered homes/top.html.erb within layouts/application (3.3ms)
Completed 500 Internal Server Error in 30ms (ActiveRecord: 0.0ms)


  
ActionView::Template::Error (The asset "interior-g6506a49b4_1920.jpg" is not present in the asset pipeline.
):
    1: <%= image_tag 'interior-g6506a49b4_1920.jpg' %>
    2: 
    3: <div class="container">
    4:   <div class="title text-center justify-content-center">
  
app/views/homes/top.html.erb:1:in `_app_views_homes_top_html_erb___1365713426499052908_70102298969740'
Started GET "/" for 126.91.218.199 at 2021-11-24 07:43:45 +0000
Cannot render console from 126.91.218.199! Allowed networks: 127.0.0.1, ::1, 127.0.0.0/127.255.255.255
Processing by HomesController#top as HTML
  Rendering homes/top.html.erb within layouts/application
  Rendered homes/top.html.erb within layouts/application (3194.8ms)
Completed 200 OK in 3538ms (Views: 3536.9ms | ActiveRecord: 0.0ms)


Started GET "/" for 126.91.218.199 at 2021-11-24 07:44:31 +0000
Cannot render console from 126.91.218.199! Allowed networks: 127.0.0.1, ::1, 127.0.0.0/127.255.255.255
Processing by HomesController#top as HTML
  Rendering homes/top.html.erb within layouts/application
  Rendered homes/top.html.erb within layouts/application (2.4ms)
Completed 200 OK in 148ms (Views: 146.7ms | ActiveRecord: 0.0ms)


Started GET "/" for 126.91.218.199 at 2021-11-24 07:44:49 +0000
Cannot render console from 126.91.218.199! Allowed networks: 127.0.0.1, ::1, 127.0.0.0/127.255.255.255
Processing by HomesController#top as HTML
  Rendering homes/top.html.erb within layouts/application
  Rendered homes/top.html.erb within layouts/application (2.9ms)
Completed 200 OK in 129ms (Views: 128.2ms | ActiveRecord: 0.0ms)


Started GET "/" for 126.91.218.199 at 2021-11-24 07:45:03 +0000
Cannot render console from 126.91.218.199! Allowed networks: 127.0.0.1, ::1, 127.0.0.0/127.255.255.255
Processing by HomesController#top as HTML
  Rendering homes/top.html.erb within layouts/application
  Rendered homes/top.html.erb within layouts/application (2.7ms)
Completed 200 OK in 175ms (Views: 173.8ms | ActiveRecord: 0.0ms)


Started GET "/" for 126.91.218.199 at 2021-11-24 07:45:31 +0000
Cannot render console from 126.91.218.199! Allowed networks: 127.0.0.1, ::1, 127.0.0.0/127.255.255.255
Processing by HomesController#top as HTML
  Rendering homes/top.html.erb within layouts/application
  Rendered homes/top.html.erb within layouts/application (3.6ms)
Completed 200 OK in 102ms (Views: 101.0ms | ActiveRecord: 0.0ms)


Started GET "/" for 126.91.218.199 at 2021-11-24 07:48:13 +0000
Cannot render console from 126.91.218.199! Allowed networks: 127.0.0.1, ::1, 127.0.0.0/127.255.255.255
Processing by HomesController#top as HTML
  Rendering homes/top.html.erb within layouts/application
  Rendered homes/top.html.erb within layouts/application (420.3ms)
Completed 500 Internal Server Error in 427ms (ActiveRecord: 0.0ms)


  
ActionView::Template::Error (undefined local variable or method `cover' for #<#<Class:0x0000000006dd7100>:0x000000000744ebf0>):
    1: 
    2: <div class="container">
    3: 
    4:   <%= image_tag 'interior-g6506a49b4_1920.jpg', size:cover %>
    5: 
    6:   <div class="title text-center justify-content-center">
    7:     SpaceShareã¯å ´æ‰€ã‚’ã€Œè²¸ã—ãŸã„ã€äººã¨
  
app/views/homes/top.html.erb:4:in `_app_views_homes_top_html_erb___1365713426499052908_60979720'
Started GET "/" for 126.91.218.199 at 2021-11-24 07:48:28 +0000
Cannot render console from 126.91.218.199! Allowed networks: 127.0.0.1, ::1, 127.0.0.0/127.255.255.255
Processing by HomesController#top as HTML
  Rendering homes/top.html.erb within layouts/application
  Rendered homes/top.html.erb within layouts/application (2.6ms)
Completed 200 OK in 96ms (Views: 94.9ms | ActiveRecord: 0.0ms)


Started GET "/" for 126.91.218.199 at 2021-11-24 07:49:14 +0000
Cannot render console from 126.91.218.199! Allowed networks: 127.0.0.1, ::1, 127.0.0.0/127.255.255.255
Processing by HomesController#top as HTML
  Rendering homes/top.html.erb within layouts/application
  Rendered homes/top.html.erb within layouts/application (11.6ms)
Completed 200 OK in 163ms (Views: 160.8ms | ActiveRecord: 0.0ms)


Started GET "/" for 126.91.218.199 at 2021-11-24 07:49:16 +0000
Cannot render console from 126.91.218.199! Allowed networks: 127.0.0.1, ::1, 127.0.0.0/127.255.255.255
Processing by HomesController#top as HTML
  Rendering homes/top.html.erb within layouts/application
  Rendered homes/top.html.erb within layouts/application (2.4ms)
Completed 200 OK in 123ms (Views: 122.6ms | ActiveRecord: 0.0ms)


Started GET "/" for 126.91.218.199 at 2021-11-24 07:49:23 +0000
Cannot render console from 126.91.218.199! Allowed networks: 127.0.0.1, ::1, 127.0.0.0/127.255.255.255
Processing by HomesController#top as HTML
  Rendering homes/top.html.erb within layouts/application
  Rendered homes/top.html.erb within layouts/application (2.3ms)
Completed 200 OK in 103ms (Views: 102.4ms | ActiveRecord: 0.0ms)


Started GET "/" for 126.91.218.199 at 2021-11-24 07:49:33 +0000
Cannot render console from 126.91.218.199! Allowed networks: 127.0.0.1, ::1, 127.0.0.0/127.255.255.255
Processing by HomesController#top as HTML
  Rendering homes/top.html.erb within layouts/application
  Rendered homes/top.html.erb within layouts/application (2.4ms)
Completed 200 OK in 93ms (Views: 92.5ms | ActiveRecord: 0.0ms)


Started GET "/" for 126.91.218.199 at 2021-11-24 07:50:12 +0000
Cannot render console from 126.91.218.199! Allowed networks: 127.0.0.1, ::1, 127.0.0.0/127.255.255.255
Processing by HomesController#top as HTML
  Rendering homes/top.html.erb within layouts/application
  Rendered homes/top.html.erb within layouts/application (2.4ms)
Completed 200 OK in 93ms (Views: 92.0ms | ActiveRecord: 0.0ms)


Started GET "/" for 126.91.218.199 at 2021-11-24 07:50:27 +0000
Cannot render console from 126.91.218.199! Allowed networks: 127.0.0.1, ::1, 127.0.0.0/127.255.255.255
Processing by HomesController#top as HTML
  Rendering homes/top.html.erb within layouts/application
  Rendered homes/top.html.erb within layouts/application (2.8ms)
Completed 200 OK in 88ms (Views: 86.2ms | ActiveRecord: 0.0ms)


Started GET "/guest/spaces" for 126.91.218.199 at 2021-11-24 07:50:31 +0000
Cannot render console from 126.91.218.199! Allowed networks: 127.0.0.1, ::1, 127.0.0.0/127.255.255.255
Processing by Guest::SpacesController#index as HTML
  Rendering guest/spaces/index.html.erb within layouts/application
  [1m[36mSpace Load (1.2ms)[0m  [1m[34mSELECT "spaces".* FROM "spaces" WHERE "spaces"."is_active" = ?[0m  [["is_active", 1]]
  â†³ app/views/guest/spaces/index.html.erb:4
  Rendered guest/spaces/index.html.erb within layouts/application (7.1ms)
Completed 200 OK in 150ms (Views: 131.5ms | ActiveRecord: 9.7ms)


